{"/Users/paul/code/tuna/plugins/react-native/src/constants/config.ts": {"path":"/Users/paul/code/tuna/plugins/react-native/src/constants/config.ts","statementMap":{"0":{"start":{"line":6,"column":36},"end":{"line":12,"column":10}},"1":{"start":{"line":15,"column":27},"end":{"line":22,"column":10}},"2":{"start":{"line":25,"column":34},"end":{"line":32,"column":10}},"3":{"start":{"line":35,"column":35},"end":{"line":40,"column":10}},"4":{"start":{"line":43,"column":30},"end":{"line":47,"column":10}},"5":{"start":{"line":50,"column":34},"end":{"line":57,"column":10}},"6":{"start":{"line":60,"column":30},"end":{"line":67,"column":10}},"7":{"start":{"line":70,"column":35},"end":{"line":75,"column":10}},"8":{"start":{"line":78,"column":37},"end":{"line":84,"column":10}}},"fnMap":{},"branchMap":{},"s":{"0":0,"1":0,"2":0,"3":0,"4":0,"5":0,"6":0,"7":0,"8":0},"f":{},"b":{}}
,"/Users/paul/code/tuna/plugins/react-native/src/constants/endpoints.ts": {"path":"/Users/paul/code/tuna/plugins/react-native/src/constants/endpoints.ts","statementMap":{"0":{"start":{"line":7,"column":29},"end":{"line":24,"column":10}},"1":{"start":{"line":27,"column":2},"end":{"line":27,"column":36}},"2":{"start":{"line":31,"column":31},"end":{"line":38,"column":10}},"3":{"start":{"line":41,"column":33},"end":{"line":46,"column":10}},"4":{"start":{"line":49,"column":37},"end":{"line":51,"column":10}}},"fnMap":{"0":{"name":"getApiConfig","decl":{"start":{"line":26,"column":16},"end":{"line":26,"column":28}},"loc":{"start":{"line":26,"column":55},"end":{"line":28,"column":1}},"line":26}},"branchMap":{},"s":{"0":0,"1":0,"2":0,"3":0,"4":0},"f":{"0":0},"b":{}}
,"/Users/paul/code/tuna/plugins/react-native/src/types/errors.ts": {"path":"/Users/paul/code/tuna/plugins/react-native/src/types/errors.ts","statementMap":{"0":{"start":{"line":10,"column":4},"end":{"line":10,"column":19}},"1":{"start":{"line":11,"column":4},"end":{"line":11,"column":28}},"2":{"start":{"line":12,"column":4},"end":{"line":12,"column":21}},"3":{"start":{"line":13,"column":4},"end":{"line":13,"column":39}},"4":{"start":{"line":16,"column":4},"end":{"line":18,"column":5}},"5":{"start":{"line":17,"column":6},"end":{"line":17,"column":56}},"6":{"start":{"line":24,"column":4},"end":{"line":24,"column":51}},"7":{"start":{"line":25,"column":4},"end":{"line":25,"column":35}},"8":{"start":{"line":31,"column":4},"end":{"line":31,"column":50}},"9":{"start":{"line":32,"column":4},"end":{"line":32,"column":38}},"10":{"start":{"line":38,"column":4},"end":{"line":38,"column":36}},"11":{"start":{"line":39,"column":4},"end":{"line":39,"column":35}},"12":{"start":{"line":45,"column":4},"end":{"line":45,"column":56}},"13":{"start":{"line":46,"column":4},"end":{"line":46,"column":40}},"14":{"start":{"line":52,"column":4},"end":{"line":52,"column":51}},"15":{"start":{"line":53,"column":4},"end":{"line":53,"column":35}},"16":{"start":{"line":59,"column":4},"end":{"line":59,"column":58}},"17":{"start":{"line":60,"column":4},"end":{"line":60,"column":41}},"18":{"start":{"line":66,"column":4},"end":{"line":66,"column":52}},"19":{"start":{"line":67,"column":4},"end":{"line":67,"column":31}},"20":{"start":{"line":72,"column":30},"end":{"line":104,"column":10}},"21":{"start":{"line":112,"column":18},"end":{"line":112,"column":70}},"22":{"start":{"line":113,"column":2},"end":{"line":113,"column":53}},"23":{"start":{"line":120,"column":2},"end":{"line":120,"column":36}},"24":{"start":{"line":127,"column":2},"end":{"line":129,"column":3}},"25":{"start":{"line":128,"column":4},"end":{"line":128,"column":17}},"26":{"start":{"line":131,"column":2},"end":{"line":133,"column":3}},"27":{"start":{"line":132,"column":4},"end":{"line":132,"column":60}},"28":{"start":{"line":135,"column":2},"end":{"line":137,"column":3}},"29":{"start":{"line":136,"column":4},"end":{"line":136,"column":45}},"30":{"start":{"line":139,"column":2},"end":{"line":139,"column":72}}},"fnMap":{"0":{"name":"(anonymous_0)","decl":{"start":{"line":9,"column":2},"end":{"line":9,"column":3}},"loc":{"start":{"line":9,"column":84},"end":{"line":19,"column":3}},"line":9},"1":{"name":"(anonymous_1)","decl":{"start":{"line":23,"column":2},"end":{"line":23,"column":3}},"loc":{"start":{"line":23,"column":52},"end":{"line":26,"column":3}},"line":23},"2":{"name":"(anonymous_2)","decl":{"start":{"line":30,"column":2},"end":{"line":30,"column":3}},"loc":{"start":{"line":30,"column":47},"end":{"line":33,"column":3}},"line":30},"3":{"name":"(anonymous_3)","decl":{"start":{"line":37,"column":2},"end":{"line":37,"column":3}},"loc":{"start":{"line":37,"column":31},"end":{"line":40,"column":3}},"line":37},"4":{"name":"(anonymous_4)","decl":{"start":{"line":44,"column":2},"end":{"line":44,"column":3}},"loc":{"start":{"line":44,"column":52},"end":{"line":47,"column":3}},"line":44},"5":{"name":"(anonymous_5)","decl":{"start":{"line":51,"column":2},"end":{"line":51,"column":3}},"loc":{"start":{"line":51,"column":52},"end":{"line":54,"column":3}},"line":51},"6":{"name":"(anonymous_6)","decl":{"start":{"line":58,"column":2},"end":{"line":58,"column":3}},"loc":{"start":{"line":58,"column":52},"end":{"line":61,"column":3}},"line":58},"7":{"name":"(anonymous_7)","decl":{"start":{"line":65,"column":2},"end":{"line":65,"column":3}},"loc":{"start":{"line":65,"column":52},"end":{"line":68,"column":3}},"line":65},"8":{"name":"createTunaError","decl":{"start":{"line":111,"column":16},"end":{"line":111,"column":31}},"loc":{"start":{"line":111,"column":85},"end":{"line":114,"column":1}},"line":111},"9":{"name":"isTunaError","decl":{"start":{"line":119,"column":16},"end":{"line":119,"column":27}},"loc":{"start":{"line":119,"column":60},"end":{"line":121,"column":1}},"line":119},"10":{"name":"handleError","decl":{"start":{"line":126,"column":16},"end":{"line":126,"column":27}},"loc":{"start":{"line":126,"column":97},"end":{"line":140,"column":1}},"line":126}},"branchMap":{"0":{"loc":{"start":{"line":9,"column":31},"end":{"line":9,"column":61}},"type":"default-arg","locations":[{"start":{"line":9,"column":46},"end":{"line":9,"column":61}}],"line":9},"1":{"loc":{"start":{"line":16,"column":4},"end":{"line":18,"column":5}},"type":"if","locations":[{"start":{"line":16,"column":4},"end":{"line":18,"column":5}},{"start":{},"end":{}}],"line":16},"2":{"loc":{"start":{"line":112,"column":18},"end":{"line":112,"column":70}},"type":"binary-expr","locations":[{"start":{"line":112,"column":18},"end":{"line":112,"column":38}},{"start":{"line":112,"column":42},"end":{"line":112,"column":70}}],"line":112},"3":{"loc":{"start":{"line":126,"column":40},"end":{"line":126,"column":84}},"type":"default-arg","locations":[{"start":{"line":126,"column":69},"end":{"line":126,"column":84}}],"line":126},"4":{"loc":{"start":{"line":127,"column":2},"end":{"line":129,"column":3}},"type":"if","locations":[{"start":{"line":127,"column":2},"end":{"line":129,"column":3}},{"start":{},"end":{}}],"line":127},"5":{"loc":{"start":{"line":131,"column":2},"end":{"line":133,"column":3}},"type":"if","locations":[{"start":{"line":131,"column":2},"end":{"line":133,"column":3}},{"start":{},"end":{}}],"line":131},"6":{"loc":{"start":{"line":135,"column":2},"end":{"line":137,"column":3}},"type":"if","locations":[{"start":{"line":135,"column":2},"end":{"line":137,"column":3}},{"start":{},"end":{}}],"line":135}},"s":{"0":0,"1":0,"2":0,"3":0,"4":0,"5":0,"6":0,"7":0,"8":0,"9":0,"10":0,"11":0,"12":0,"13":0,"14":0,"15":0,"16":0,"17":0,"18":0,"19":0,"20":1,"21":0,"22":0,"23":0,"24":0,"25":0,"26":0,"27":0,"28":0,"29":0,"30":0},"f":{"0":0,"1":0,"2":0,"3":0,"4":0,"5":0,"6":0,"7":0,"8":0,"9":0,"10":0},"b":{"0":[0],"1":[0,0],"2":[0,0],"3":[0],"4":[0,0],"5":[0,0],"6":[0,0]},"_coverageSchema":"1a1c01bbd47fc00a2c39e90264f33305004495a9","hash":"f1a76c90b3ccf98780426569764f2567f7811005"}
,"/Users/paul/code/tuna/plugins/react-native/src/types/payment.ts": {"path":"/Users/paul/code/tuna/plugins/react-native/src/types/payment.ts","statementMap":{},"fnMap":{},"branchMap":{},"s":{},"f":{},"b":{}}
,"/Users/paul/code/tuna/plugins/react-native/src/types/session.ts": {"path":"/Users/paul/code/tuna/plugins/react-native/src/types/session.ts","statementMap":{},"fnMap":{},"branchMap":{},"s":{},"f":{},"b":{}}
,"/Users/paul/code/tuna/plugins/react-native/src/types/tokenization.ts": {"path":"/Users/paul/code/tuna/plugins/react-native/src/types/tokenization.ts","statementMap":{},"fnMap":{},"branchMap":{},"s":{},"f":{},"b":{}}
,"/Users/paul/code/tuna/plugins/react-native/src/utils/constants.ts": {"path":"/Users/paul/code/tuna/plugins/react-native/src/utils/constants.ts","statementMap":{"0":{"start":{"line":8,"column":34},"end":{"line":29,"column":10}},"1":{"start":{"line":34,"column":30},"end":{"line":52,"column":10}},"2":{"start":{"line":57,"column":31},"end":{"line":65,"column":10}},"3":{"start":{"line":70,"column":27},"end":{"line":79,"column":10}},"4":{"start":{"line":84,"column":28},"end":{"line":87,"column":10}},"5":{"start":{"line":92,"column":30},"end":{"line":115,"column":10}},"6":{"start":{"line":120,"column":27},"end":{"line":131,"column":10}},"7":{"start":{"line":136,"column":32},"end":{"line":146,"column":10}},"8":{"start":{"line":151,"column":32},"end":{"line":175,"column":10}}},"fnMap":{},"branchMap":{},"s":{"0":0,"1":0,"2":0,"3":0,"4":0,"5":0,"6":0,"7":0,"8":0},"f":{},"b":{}}
,"/Users/paul/code/tuna/plugins/react-native/src/utils/errors.ts": {"path":"/Users/paul/code/tuna/plugins/react-native/src/utils/errors.ts","statementMap":{"0":{"start":{"line":23,"column":17},"end":{"line":23,"column":32}},"1":{"start":{"line":24,"column":21},"end":{"line":24,"column":40}},"2":{"start":{"line":26,"column":33},"end":{"line":26,"column":48}},"3":{"start":{"line":27,"column":16},"end":{"line":27,"column":47}},"4":{"start":{"line":29,"column":2},"end":{"line":41,"column":3}},"5":{"start":{"line":30,"column":4},"end":{"line":40,"column":5}},"6":{"start":{"line":31,"column":21},"end":{"line":31,"column":45}},"7":{"start":{"line":32,"column":6},"end":{"line":34,"column":7}},"8":{"start":{"line":33,"column":8},"end":{"line":33,"column":33}},"9":{"start":{"line":35,"column":6},"end":{"line":37,"column":7}},"10":{"start":{"line":36,"column":8},"end":{"line":36,"column":32}},"11":{"start":{"line":43,"column":2},"end":{"line":49,"column":3}},"12":{"start":{"line":44,"column":4},"end":{"line":44,"column":41}},"13":{"start":{"line":45,"column":9},"end":{"line":49,"column":3}},"14":{"start":{"line":46,"column":4},"end":{"line":46,"column":41}},"15":{"start":{"line":47,"column":9},"end":{"line":49,"column":3}},"16":{"start":{"line":48,"column":4},"end":{"line":48,"column":44}},"17":{"start":{"line":51,"column":2},"end":{"line":51,"column":39}},"18":{"start":{"line":58,"column":2},"end":{"line":61,"column":3}},"19":{"start":{"line":59,"column":25},"end":{"line":59,"column":65}},"20":{"start":{"line":60,"column":4},"end":{"line":60,"column":64}},"21":{"start":{"line":63,"column":2},"end":{"line":63,"column":23}},"22":{"start":{"line":70,"column":2},"end":{"line":74,"column":3}},"23":{"start":{"line":71,"column":4},"end":{"line":71,"column":33}},"24":{"start":{"line":73,"column":4},"end":{"line":73,"column":24}},"25":{"start":{"line":81,"column":2},"end":{"line":85,"column":5}},"26":{"start":{"line":82,"column":4},"end":{"line":84,"column":18}},"27":{"start":{"line":83,"column":6},"end":{"line":83,"column":54}},"28":{"start":{"line":92,"column":2},"end":{"line":95,"column":5}},"29":{"start":{"line":108,"column":2},"end":{"line":122,"column":3}},"30":{"start":{"line":108,"column":21},"end":{"line":108,"column":22}},"31":{"start":{"line":109,"column":4},"end":{"line":121,"column":5}},"32":{"start":{"line":110,"column":6},"end":{"line":110,"column":24}},"33":{"start":{"line":112,"column":6},"end":{"line":112,"column":33}},"34":{"start":{"line":114,"column":6},"end":{"line":116,"column":7}},"35":{"start":{"line":115,"column":8},"end":{"line":115,"column":14}},"36":{"start":{"line":119,"column":20},"end":{"line":119,"column":52}},"37":{"start":{"line":120,"column":6},"end":{"line":120,"column":63}},"38":{"start":{"line":120,"column":35},"end":{"line":120,"column":61}},"39":{"start":{"line":124,"column":2},"end":{"line":124,"column":32}},"40":{"start":{"line":131,"column":2},"end":{"line":137,"column":3}},"41":{"start":{"line":132,"column":4},"end":{"line":132,"column":71}},"42":{"start":{"line":134,"column":4},"end":{"line":136,"column":5}},"43":{"start":{"line":135,"column":6},"end":{"line":135,"column":60}},"44":{"start":{"line":145,"column":55},"end":{"line":158,"column":3}},"45":{"start":{"line":160,"column":2},"end":{"line":160,"column":95}}},"fnMap":{"0":{"name":"handleHttpError","decl":{"start":{"line":22,"column":16},"end":{"line":22,"column":31}},"loc":{"start":{"line":22,"column":86},"end":{"line":52,"column":1}},"line":22},"1":{"name":"handleApiResponse","decl":{"start":{"line":57,"column":16},"end":{"line":57,"column":33}},"loc":{"start":{"line":57,"column":55},"end":{"line":64,"column":1}},"line":57},"2":{"name":"safeJsonParse","decl":{"start":{"line":69,"column":16},"end":{"line":69,"column":29}},"loc":{"start":{"line":69,"column":67},"end":{"line":75,"column":1}},"line":69},"3":{"name":"createTimeoutPromise","decl":{"start":{"line":80,"column":16},"end":{"line":80,"column":36}},"loc":{"start":{"line":80,"column":72},"end":{"line":86,"column":1}},"line":80},"4":{"name":"(anonymous_4)","decl":{"start":{"line":81,"column":21},"end":{"line":81,"column":22}},"loc":{"start":{"line":81,"column":36},"end":{"line":85,"column":3}},"line":81},"5":{"name":"(anonymous_5)","decl":{"start":{"line":82,"column":15},"end":{"line":82,"column":16}},"loc":{"start":{"line":82,"column":21},"end":{"line":84,"column":5}},"line":82},"6":{"name":"withTimeout","decl":{"start":{"line":91,"column":16},"end":{"line":91,"column":27}},"loc":{"start":{"line":91,"column":83},"end":{"line":96,"column":1}},"line":91},"7":{"name":"retryWithBackoff","decl":{"start":{"line":101,"column":22},"end":{"line":101,"column":38}},"loc":{"start":{"line":105,"column":14},"end":{"line":125,"column":1}},"line":105},"8":{"name":"(anonymous_8)","decl":{"start":{"line":120,"column":24},"end":{"line":120,"column":25}},"loc":{"start":{"line":120,"column":35},"end":{"line":120,"column":61}},"line":120},"9":{"name":"logError","decl":{"start":{"line":130,"column":16},"end":{"line":130,"column":24}},"loc":{"start":{"line":130,"column":61},"end":{"line":138,"column":1}},"line":130},"10":{"name":"getUserFriendlyErrorMessage","decl":{"start":{"line":143,"column":16},"end":{"line":143,"column":43}},"loc":{"start":{"line":143,"column":70},"end":{"line":161,"column":1}},"line":143}},"branchMap":{"0":{"loc":{"start":{"line":29,"column":2},"end":{"line":41,"column":3}},"type":"if","locations":[{"start":{"line":29,"column":2},"end":{"line":41,"column":3}},{"start":{},"end":{}}],"line":29},"1":{"loc":{"start":{"line":32,"column":6},"end":{"line":34,"column":7}},"type":"if","locations":[{"start":{"line":32,"column":6},"end":{"line":34,"column":7}},{"start":{},"end":{}}],"line":32},"2":{"loc":{"start":{"line":35,"column":6},"end":{"line":37,"column":7}},"type":"if","locations":[{"start":{"line":35,"column":6},"end":{"line":37,"column":7}},{"start":{},"end":{}}],"line":35},"3":{"loc":{"start":{"line":43,"column":2},"end":{"line":49,"column":3}},"type":"if","locations":[{"start":{"line":43,"column":2},"end":{"line":49,"column":3}},{"start":{"line":45,"column":9},"end":{"line":49,"column":3}}],"line":43},"4":{"loc":{"start":{"line":45,"column":9},"end":{"line":49,"column":3}},"type":"if","locations":[{"start":{"line":45,"column":9},"end":{"line":49,"column":3}},{"start":{"line":47,"column":9},"end":{"line":49,"column":3}}],"line":45},"5":{"loc":{"start":{"line":45,"column":13},"end":{"line":45,"column":45}},"type":"binary-expr","locations":[{"start":{"line":45,"column":13},"end":{"line":45,"column":27}},{"start":{"line":45,"column":31},"end":{"line":45,"column":45}}],"line":45},"6":{"loc":{"start":{"line":47,"column":9},"end":{"line":49,"column":3}},"type":"if","locations":[{"start":{"line":47,"column":9},"end":{"line":49,"column":3}},{"start":{},"end":{}}],"line":47},"7":{"loc":{"start":{"line":58,"column":2},"end":{"line":61,"column":3}},"type":"if","locations":[{"start":{"line":58,"column":2},"end":{"line":61,"column":3}},{"start":{},"end":{}}],"line":58},"8":{"loc":{"start":{"line":58,"column":6},"end":{"line":58,"column":40}},"type":"binary-expr","locations":[{"start":{"line":58,"column":6},"end":{"line":58,"column":19}},{"start":{"line":58,"column":23},"end":{"line":58,"column":40}}],"line":58},"9":{"loc":{"start":{"line":59,"column":25},"end":{"line":59,"column":65}},"type":"binary-expr","locations":[{"start":{"line":59,"column":25},"end":{"line":59,"column":41}},{"start":{"line":59,"column":45},"end":{"line":59,"column":65}}],"line":59},"10":{"loc":{"start":{"line":103,"column":2},"end":{"line":103,"column":24}},"type":"default-arg","locations":[{"start":{"line":103,"column":23},"end":{"line":103,"column":24}}],"line":103},"11":{"loc":{"start":{"line":104,"column":2},"end":{"line":104,"column":26}},"type":"default-arg","locations":[{"start":{"line":104,"column":22},"end":{"line":104,"column":26}}],"line":104},"12":{"loc":{"start":{"line":114,"column":6},"end":{"line":116,"column":7}},"type":"if","locations":[{"start":{"line":114,"column":6},"end":{"line":116,"column":7}},{"start":{},"end":{}}],"line":114},"13":{"loc":{"start":{"line":131,"column":2},"end":{"line":137,"column":3}},"type":"if","locations":[{"start":{"line":131,"column":2},"end":{"line":137,"column":3}},{"start":{},"end":{}}],"line":131},"14":{"loc":{"start":{"line":132,"column":28},"end":{"line":132,"column":58}},"type":"cond-expr","locations":[{"start":{"line":132,"column":38},"end":{"line":132,"column":53}},{"start":{"line":132,"column":56},"end":{"line":132,"column":58}}],"line":132},"15":{"loc":{"start":{"line":134,"column":4},"end":{"line":136,"column":5}},"type":"if","locations":[{"start":{"line":134,"column":4},"end":{"line":136,"column":5}},{"start":{},"end":{}}],"line":134},"16":{"loc":{"start":{"line":134,"column":8},"end":{"line":134,"column":57}},"type":"binary-expr","locations":[{"start":{"line":134,"column":8},"end":{"line":134,"column":34}},{"start":{"line":134,"column":38},"end":{"line":134,"column":57}}],"line":134},"17":{"loc":{"start":{"line":160,"column":9},"end":{"line":160,"column":94}},"type":"binary-expr","locations":[{"start":{"line":160,"column":9},"end":{"line":160,"column":41}},{"start":{"line":160,"column":45},"end":{"line":160,"column":94}}],"line":160}},"s":{"0":0,"1":0,"2":0,"3":0,"4":0,"5":0,"6":0,"7":0,"8":0,"9":0,"10":0,"11":0,"12":0,"13":0,"14":0,"15":0,"16":0,"17":0,"18":0,"19":0,"20":0,"21":0,"22":0,"23":0,"24":0,"25":0,"26":0,"27":0,"28":0,"29":0,"30":0,"31":0,"32":0,"33":0,"34":0,"35":0,"36":0,"37":0,"38":0,"39":0,"40":0,"41":0,"42":0,"43":0,"44":0,"45":0},"f":{"0":0,"1":0,"2":0,"3":0,"4":0,"5":0,"6":0,"7":0,"8":0,"9":0,"10":0},"b":{"0":[0,0],"1":[0,0],"2":[0,0],"3":[0,0],"4":[0,0],"5":[0,0],"6":[0,0],"7":[0,0],"8":[0,0],"9":[0,0],"10":[0],"11":[0],"12":[0,0],"13":[0,0],"14":[0,0],"15":[0,0],"16":[0,0],"17":[0,0]},"_coverageSchema":"1a1c01bbd47fc00a2c39e90264f33305004495a9","hash":"003fab920aeb21e34a8101b7bbc64ea97203fbf2"}
,"/Users/paul/code/tuna/plugins/react-native/src/utils/formatting.ts": {"path":"/Users/paul/code/tuna/plugins/react-native/src/utils/formatting.ts","statementMap":{"0":{"start":{"line":9,"column":2},"end":{"line":11,"column":3}},"1":{"start":{"line":10,"column":4},"end":{"line":10,"column":14}},"2":{"start":{"line":14,"column":22},"end":{"line":14,"column":66}},"3":{"start":{"line":16,"column":2},"end":{"line":18,"column":3}},"4":{"start":{"line":17,"column":4},"end":{"line":17,"column":28}},"5":{"start":{"line":20,"column":27},"end":{"line":20,"column":89}},"6":{"start":{"line":21,"column":2},"end":{"line":21,"column":26}},"7":{"start":{"line":28,"column":22},"end":{"line":28,"column":51}},"8":{"start":{"line":29,"column":17},"end":{"line":29,"column":51}},"9":{"start":{"line":30,"column":2},"end":{"line":30,"column":26}},"10":{"start":{"line":37,"column":19},"end":{"line":37,"column":44}},"11":{"start":{"line":39,"column":2},"end":{"line":39,"column":44}},"12":{"start":{"line":39,"column":28},"end":{"line":39,"column":44}},"13":{"start":{"line":40,"column":2},"end":{"line":40,"column":77}},"14":{"start":{"line":40,"column":28},"end":{"line":40,"column":77}},"15":{"start":{"line":41,"column":2},"end":{"line":41,"column":87}},"16":{"start":{"line":41,"column":28},"end":{"line":41,"column":87}},"17":{"start":{"line":42,"column":2},"end":{"line":42,"column":73}},"18":{"start":{"line":49,"column":20},"end":{"line":49,"column":46}},"19":{"start":{"line":51,"column":2},"end":{"line":51,"column":46}},"20":{"start":{"line":51,"column":29},"end":{"line":51,"column":46}},"21":{"start":{"line":52,"column":2},"end":{"line":52,"column":79}},"22":{"start":{"line":52,"column":29},"end":{"line":52,"column":79}},"23":{"start":{"line":53,"column":2},"end":{"line":53,"column":89}},"24":{"start":{"line":53,"column":29},"end":{"line":53,"column":89}},"25":{"start":{"line":54,"column":2},"end":{"line":54,"column":100}},"26":{"start":{"line":54,"column":30},"end":{"line":54,"column":100}},"27":{"start":{"line":55,"column":2},"end":{"line":55,"column":84}},"28":{"start":{"line":62,"column":21},"end":{"line":62,"column":48}},"29":{"start":{"line":64,"column":2},"end":{"line":64,"column":48}},"30":{"start":{"line":64,"column":30},"end":{"line":64,"column":48}},"31":{"start":{"line":65,"column":2},"end":{"line":65,"column":83}},"32":{"start":{"line":65,"column":30},"end":{"line":65,"column":83}},"33":{"start":{"line":66,"column":2},"end":{"line":66,"column":94}},"34":{"start":{"line":66,"column":31},"end":{"line":66,"column":94}},"35":{"start":{"line":67,"column":2},"end":{"line":67,"column":67}},"36":{"start":{"line":74,"column":2},"end":{"line":77,"column":26}},"37":{"start":{"line":84,"column":2},"end":{"line":84,"column":41}},"38":{"start":{"line":91,"column":2},"end":{"line":93,"column":4}},"39":{"start":{"line":92,"column":4},"end":{"line":92,"column":61}},"40":{"start":{"line":100,"column":2},"end":{"line":100,"column":44}},"41":{"start":{"line":100,"column":32},"end":{"line":100,"column":44}},"42":{"start":{"line":101,"column":2},"end":{"line":101,"column":47}},"43":{"start":{"line":108,"column":19},"end":{"line":108,"column":52}},"44":{"start":{"line":109,"column":18},"end":{"line":109,"column":43}},"45":{"start":{"line":110,"column":2},"end":{"line":110,"column":34}},"46":{"start":{"line":117,"column":18},"end":{"line":117,"column":42}},"47":{"start":{"line":119,"column":2},"end":{"line":123,"column":3}},"48":{"start":{"line":120,"column":18},"end":{"line":120,"column":41}},"49":{"start":{"line":121,"column":17},"end":{"line":121,"column":40}},"50":{"start":{"line":122,"column":4},"end":{"line":122,"column":45}},"51":{"start":{"line":125,"column":2},"end":{"line":125,"column":17}}},"fnMap":{"0":{"name":"maskCreditCard","decl":{"start":{"line":8,"column":16},"end":{"line":8,"column":30}},"loc":{"start":{"line":8,"column":65},"end":{"line":22,"column":1}},"line":8},"1":{"name":"formatCreditCardDisplay","decl":{"start":{"line":27,"column":16},"end":{"line":27,"column":39}},"loc":{"start":{"line":27,"column":68},"end":{"line":31,"column":1}},"line":27},"2":{"name":"formatCPF","decl":{"start":{"line":36,"column":16},"end":{"line":36,"column":25}},"loc":{"start":{"line":36,"column":47},"end":{"line":43,"column":1}},"line":36},"3":{"name":"formatCNPJ","decl":{"start":{"line":48,"column":16},"end":{"line":48,"column":26}},"loc":{"start":{"line":48,"column":49},"end":{"line":56,"column":1}},"line":48},"4":{"name":"formatPhone","decl":{"start":{"line":61,"column":16},"end":{"line":61,"column":27}},"loc":{"start":{"line":61,"column":51},"end":{"line":68,"column":1}},"line":61},"5":{"name":"formatCurrency","decl":{"start":{"line":73,"column":16},"end":{"line":73,"column":30}},"loc":{"start":{"line":73,"column":111},"end":{"line":78,"column":1}},"line":73},"6":{"name":"cleanString","decl":{"start":{"line":83,"column":16},"end":{"line":83,"column":27}},"loc":{"start":{"line":83,"column":49},"end":{"line":85,"column":1}},"line":83},"7":{"name":"capitalizeWords","decl":{"start":{"line":90,"column":16},"end":{"line":90,"column":31}},"loc":{"start":{"line":90,"column":53},"end":{"line":94,"column":1}},"line":90},"8":{"name":"(anonymous_8)","decl":{"start":{"line":91,"column":31},"end":{"line":91,"column":32}},"loc":{"start":{"line":92,"column":4},"end":{"line":92,"column":61}},"line":92},"9":{"name":"truncateText","decl":{"start":{"line":99,"column":16},"end":{"line":99,"column":28}},"loc":{"start":{"line":99,"column":70},"end":{"line":102,"column":1}},"line":99},"10":{"name":"formatExpirationDate","decl":{"start":{"line":107,"column":16},"end":{"line":107,"column":36}},"loc":{"start":{"line":107,"column":74},"end":{"line":111,"column":1}},"line":107},"11":{"name":"formatCardExpiration","decl":{"start":{"line":116,"column":16},"end":{"line":116,"column":36}},"loc":{"start":{"line":116,"column":60},"end":{"line":126,"column":1}},"line":116}},"branchMap":{"0":{"loc":{"start":{"line":9,"column":2},"end":{"line":11,"column":3}},"type":"if","locations":[{"start":{"line":9,"column":2},"end":{"line":11,"column":3}},{"start":{},"end":{}}],"line":9},"1":{"loc":{"start":{"line":9,"column":6},"end":{"line":9,"column":63}},"type":"binary-expr","locations":[{"start":{"line":9,"column":6},"end":{"line":9,"column":23}},{"start":{"line":9,"column":27},"end":{"line":9,"column":63}}],"line":9},"2":{"loc":{"start":{"line":16,"column":2},"end":{"line":18,"column":3}},"type":"if","locations":[{"start":{"line":16,"column":2},"end":{"line":18,"column":3}},{"start":{},"end":{}}],"line":16},"3":{"loc":{"start":{"line":29,"column":17},"end":{"line":29,"column":51}},"type":"binary-expr","locations":[{"start":{"line":29,"column":17},"end":{"line":29,"column":45}},{"start":{"line":29,"column":49},"end":{"line":29,"column":51}}],"line":29},"4":{"loc":{"start":{"line":39,"column":2},"end":{"line":39,"column":44}},"type":"if","locations":[{"start":{"line":39,"column":2},"end":{"line":39,"column":44}},{"start":{},"end":{}}],"line":39},"5":{"loc":{"start":{"line":40,"column":2},"end":{"line":40,"column":77}},"type":"if","locations":[{"start":{"line":40,"column":2},"end":{"line":40,"column":77}},{"start":{},"end":{}}],"line":40},"6":{"loc":{"start":{"line":41,"column":2},"end":{"line":41,"column":87}},"type":"if","locations":[{"start":{"line":41,"column":2},"end":{"line":41,"column":87}},{"start":{},"end":{}}],"line":41},"7":{"loc":{"start":{"line":51,"column":2},"end":{"line":51,"column":46}},"type":"if","locations":[{"start":{"line":51,"column":2},"end":{"line":51,"column":46}},{"start":{},"end":{}}],"line":51},"8":{"loc":{"start":{"line":52,"column":2},"end":{"line":52,"column":79}},"type":"if","locations":[{"start":{"line":52,"column":2},"end":{"line":52,"column":79}},{"start":{},"end":{}}],"line":52},"9":{"loc":{"start":{"line":53,"column":2},"end":{"line":53,"column":89}},"type":"if","locations":[{"start":{"line":53,"column":2},"end":{"line":53,"column":89}},{"start":{},"end":{}}],"line":53},"10":{"loc":{"start":{"line":54,"column":2},"end":{"line":54,"column":100}},"type":"if","locations":[{"start":{"line":54,"column":2},"end":{"line":54,"column":100}},{"start":{},"end":{}}],"line":54},"11":{"loc":{"start":{"line":64,"column":2},"end":{"line":64,"column":48}},"type":"if","locations":[{"start":{"line":64,"column":2},"end":{"line":64,"column":48}},{"start":{},"end":{}}],"line":64},"12":{"loc":{"start":{"line":65,"column":2},"end":{"line":65,"column":83}},"type":"if","locations":[{"start":{"line":65,"column":2},"end":{"line":65,"column":83}},{"start":{},"end":{}}],"line":65},"13":{"loc":{"start":{"line":66,"column":2},"end":{"line":66,"column":94}},"type":"if","locations":[{"start":{"line":66,"column":2},"end":{"line":66,"column":94}},{"start":{},"end":{}}],"line":66},"14":{"loc":{"start":{"line":73,"column":47},"end":{"line":73,"column":75}},"type":"default-arg","locations":[{"start":{"line":73,"column":70},"end":{"line":73,"column":75}}],"line":73},"15":{"loc":{"start":{"line":73,"column":77},"end":{"line":73,"column":101}},"type":"default-arg","locations":[{"start":{"line":73,"column":94},"end":{"line":73,"column":101}}],"line":73},"16":{"loc":{"start":{"line":100,"column":2},"end":{"line":100,"column":44}},"type":"if","locations":[{"start":{"line":100,"column":2},"end":{"line":100,"column":44}},{"start":{},"end":{}}],"line":100},"17":{"loc":{"start":{"line":119,"column":2},"end":{"line":123,"column":3}},"type":"if","locations":[{"start":{"line":119,"column":2},"end":{"line":123,"column":3}},{"start":{},"end":{}}],"line":119},"18":{"loc":{"start":{"line":122,"column":11},"end":{"line":122,"column":44}},"type":"cond-expr","locations":[{"start":{"line":122,"column":18},"end":{"line":122,"column":36}},{"start":{"line":122,"column":39},"end":{"line":122,"column":44}}],"line":122}},"s":{"0":0,"1":0,"2":0,"3":0,"4":0,"5":0,"6":0,"7":0,"8":0,"9":0,"10":0,"11":0,"12":0,"13":0,"14":0,"15":0,"16":0,"17":0,"18":0,"19":0,"20":0,"21":0,"22":0,"23":0,"24":0,"25":0,"26":0,"27":0,"28":0,"29":0,"30":0,"31":0,"32":0,"33":0,"34":0,"35":0,"36":0,"37":0,"38":0,"39":0,"40":0,"41":0,"42":0,"43":0,"44":0,"45":0,"46":0,"47":0,"48":0,"49":0,"50":0,"51":0},"f":{"0":0,"1":0,"2":0,"3":0,"4":0,"5":0,"6":0,"7":0,"8":0,"9":0,"10":0,"11":0},"b":{"0":[0,0],"1":[0,0],"2":[0,0],"3":[0,0],"4":[0,0],"5":[0,0],"6":[0,0],"7":[0,0],"8":[0,0],"9":[0,0],"10":[0,0],"11":[0,0],"12":[0,0],"13":[0,0],"14":[0],"15":[0],"16":[0,0],"17":[0,0],"18":[0,0]}}
,"/Users/paul/code/tuna/plugins/react-native/src/utils/validation.ts": {"path":"/Users/paul/code/tuna/plugins/react-native/src/utils/validation.ts","statementMap":{"0":{"start":{"line":15,"column":4},"end":{"line":17,"column":5}},"1":{"start":{"line":16,"column":6},"end":{"line":16,"column":19}},"2":{"start":{"line":20,"column":19},"end":{"line":20,"column":48}},"3":{"start":{"line":22,"column":4},"end":{"line":24,"column":5}},"4":{"start":{"line":23,"column":6},"end":{"line":23,"column":19}},"5":{"start":{"line":26,"column":4},"end":{"line":26,"column":34}},"6":{"start":{"line":33,"column":14},"end":{"line":33,"column":15}},"7":{"start":{"line":34,"column":17},"end":{"line":34,"column":22}},"8":{"start":{"line":36,"column":4},"end":{"line":48,"column":5}},"9":{"start":{"line":36,"column":17},"end":{"line":36,"column":34}},"10":{"start":{"line":37,"column":18},"end":{"line":37,"column":48}},"11":{"start":{"line":39,"column":6},"end":{"line":44,"column":7}},"12":{"start":{"line":40,"column":8},"end":{"line":40,"column":19}},"13":{"start":{"line":41,"column":8},"end":{"line":43,"column":9}},"14":{"start":{"line":42,"column":10},"end":{"line":42,"column":21}},"15":{"start":{"line":46,"column":6},"end":{"line":46,"column":19}},"16":{"start":{"line":47,"column":6},"end":{"line":47,"column":23}},"17":{"start":{"line":50,"column":4},"end":{"line":50,"column":28}},"18":{"start":{"line":57,"column":19},"end":{"line":57,"column":48}},"19":{"start":{"line":60,"column":4},"end":{"line":62,"column":5}},"20":{"start":{"line":61,"column":6},"end":{"line":61,"column":20}},"21":{"start":{"line":65,"column":4},"end":{"line":67,"column":5}},"22":{"start":{"line":66,"column":6},"end":{"line":66,"column":26}},"23":{"start":{"line":70,"column":4},"end":{"line":72,"column":5}},"24":{"start":{"line":71,"column":6},"end":{"line":71,"column":20}},"25":{"start":{"line":75,"column":4},"end":{"line":77,"column":5}},"26":{"start":{"line":76,"column":6},"end":{"line":76,"column":22}},"27":{"start":{"line":80,"column":4},"end":{"line":82,"column":5}},"28":{"start":{"line":81,"column":6},"end":{"line":81,"column":24}},"29":{"start":{"line":85,"column":4},"end":{"line":87,"column":5}},"30":{"start":{"line":86,"column":6},"end":{"line":86,"column":19}},"31":{"start":{"line":90,"column":4},"end":{"line":92,"column":5}},"32":{"start":{"line":91,"column":6},"end":{"line":91,"column":19}},"33":{"start":{"line":95,"column":4},"end":{"line":97,"column":5}},"34":{"start":{"line":96,"column":6},"end":{"line":96,"column":25}},"35":{"start":{"line":99,"column":4},"end":{"line":99,"column":21}},"36":{"start":{"line":106,"column":4},"end":{"line":108,"column":5}},"37":{"start":{"line":107,"column":6},"end":{"line":107,"column":19}},"38":{"start":{"line":110,"column":21},"end":{"line":110,"column":43}},"39":{"start":{"line":113,"column":4},"end":{"line":115,"column":5}},"40":{"start":{"line":114,"column":6},"end":{"line":114,"column":35}},"41":{"start":{"line":118,"column":4},"end":{"line":118,"column":33}},"42":{"start":{"line":125,"column":4},"end":{"line":127,"column":5}},"43":{"start":{"line":126,"column":6},"end":{"line":126,"column":19}},"44":{"start":{"line":129,"column":24},"end":{"line":129,"column":49}},"45":{"start":{"line":131,"column":4},"end":{"line":133,"column":5}},"46":{"start":{"line":132,"column":6},"end":{"line":132,"column":19}},"47":{"start":{"line":135,"column":18},"end":{"line":135,"column":59}},"48":{"start":{"line":136,"column":17},"end":{"line":138,"column":46}},"49":{"start":{"line":140,"column":4},"end":{"line":142,"column":5}},"50":{"start":{"line":141,"column":6},"end":{"line":141,"column":19}},"51":{"start":{"line":144,"column":16},"end":{"line":144,"column":26}},"52":{"start":{"line":145,"column":24},"end":{"line":145,"column":41}},"53":{"start":{"line":146,"column":25},"end":{"line":146,"column":43}},"54":{"start":{"line":148,"column":4},"end":{"line":150,"column":5}},"55":{"start":{"line":149,"column":6},"end":{"line":149,"column":19}},"56":{"start":{"line":152,"column":4},"end":{"line":152,"column":16}},"57":{"start":{"line":159,"column":4},"end":{"line":161,"column":5}},"58":{"start":{"line":160,"column":6},"end":{"line":160,"column":19}},"59":{"start":{"line":163,"column":20},"end":{"line":163,"column":31}},"60":{"start":{"line":164,"column":4},"end":{"line":164,"column":89}},"61":{"start":{"line":176,"column":4},"end":{"line":178,"column":5}},"62":{"start":{"line":177,"column":6},"end":{"line":177,"column":19}},"63":{"start":{"line":180,"column":21},"end":{"line":180,"column":43}},"64":{"start":{"line":182,"column":4},"end":{"line":184,"column":5}},"65":{"start":{"line":183,"column":6},"end":{"line":183,"column":19}},"66":{"start":{"line":187,"column":4},"end":{"line":189,"column":5}},"67":{"start":{"line":188,"column":6},"end":{"line":188,"column":19}},"68":{"start":{"line":192,"column":14},"end":{"line":192,"column":15}},"69":{"start":{"line":193,"column":4},"end":{"line":195,"column":5}},"70":{"start":{"line":193,"column":17},"end":{"line":193,"column":18}},"71":{"start":{"line":194,"column":6},"end":{"line":194,"column":53}},"72":{"start":{"line":197,"column":20},"end":{"line":197,"column":28}},"73":{"start":{"line":198,"column":22},"end":{"line":198,"column":56}},"74":{"start":{"line":200,"column":4},"end":{"line":202,"column":5}},"75":{"start":{"line":201,"column":6},"end":{"line":201,"column":19}},"76":{"start":{"line":204,"column":4},"end":{"line":204,"column":12}},"77":{"start":{"line":205,"column":4},"end":{"line":207,"column":5}},"78":{"start":{"line":205,"column":17},"end":{"line":205,"column":18}},"79":{"start":{"line":206,"column":6},"end":{"line":206,"column":53}},"80":{"start":{"line":209,"column":4},"end":{"line":209,"column":25}},"81":{"start":{"line":210,"column":22},"end":{"line":210,"column":56}},"82":{"start":{"line":212,"column":4},"end":{"line":212,"column":57}},"83":{"start":{"line":219,"column":4},"end":{"line":221,"column":5}},"84":{"start":{"line":220,"column":6},"end":{"line":220,"column":19}},"85":{"start":{"line":223,"column":22},"end":{"line":223,"column":45}},"86":{"start":{"line":225,"column":4},"end":{"line":227,"column":5}},"87":{"start":{"line":226,"column":6},"end":{"line":226,"column":19}},"88":{"start":{"line":230,"column":4},"end":{"line":232,"column":5}},"89":{"start":{"line":231,"column":6},"end":{"line":231,"column":19}},"90":{"start":{"line":235,"column":14},"end":{"line":235,"column":15}},"91":{"start":{"line":236,"column":20},"end":{"line":236,"column":56}},"92":{"start":{"line":238,"column":4},"end":{"line":240,"column":5}},"93":{"start":{"line":238,"column":17},"end":{"line":238,"column":18}},"94":{"start":{"line":239,"column":6},"end":{"line":239,"column":56}},"95":{"start":{"line":242,"column":20},"end":{"line":242,"column":28}},"96":{"start":{"line":243,"column":22},"end":{"line":243,"column":56}},"97":{"start":{"line":245,"column":4},"end":{"line":247,"column":5}},"98":{"start":{"line":246,"column":6},"end":{"line":246,"column":19}},"99":{"start":{"line":250,"column":4},"end":{"line":250,"column":12}},"100":{"start":{"line":251,"column":20},"end":{"line":251,"column":59}},"101":{"start":{"line":253,"column":4},"end":{"line":255,"column":5}},"102":{"start":{"line":253,"column":17},"end":{"line":253,"column":18}},"103":{"start":{"line":254,"column":6},"end":{"line":254,"column":56}},"104":{"start":{"line":257,"column":4},"end":{"line":257,"column":25}},"105":{"start":{"line":258,"column":22},"end":{"line":258,"column":56}},"106":{"start":{"line":260,"column":4},"end":{"line":260,"column":58}},"107":{"start":{"line":272,"column":4},"end":{"line":274,"column":5}},"108":{"start":{"line":273,"column":6},"end":{"line":273,"column":19}},"109":{"start":{"line":276,"column":23},"end":{"line":276,"column":51}},"110":{"start":{"line":277,"column":4},"end":{"line":277,"column":41}},"111":{"start":{"line":289,"column":4},"end":{"line":291,"column":5}},"112":{"start":{"line":290,"column":6},"end":{"line":290,"column":19}},"113":{"start":{"line":293,"column":23},"end":{"line":293,"column":47}},"114":{"start":{"line":297,"column":4},"end":{"line":297,"column":64}},"115":{"start":{"line":309,"column":4},"end":{"line":309,"column":72}},"116":{"start":{"line":316,"column":28},"end":{"line":316,"column":77}},"117":{"start":{"line":317,"column":4},"end":{"line":317,"column":61}},"118":{"start":{"line":324,"column":4},"end":{"line":324,"column":85}},"119":{"start":{"line":332,"column":37},"end":{"line":332,"column":39}},"120":{"start":{"line":335,"column":2},"end":{"line":337,"column":3}},"121":{"start":{"line":336,"column":4},"end":{"line":336,"column":74}},"122":{"start":{"line":340,"column":2},"end":{"line":342,"column":3}},"123":{"start":{"line":341,"column":4},"end":{"line":341,"column":63}},"124":{"start":{"line":345,"column":2},"end":{"line":361,"column":3}},"125":{"start":{"line":346,"column":4},"end":{"line":348,"column":5}},"126":{"start":{"line":347,"column":6},"end":{"line":347,"column":70}},"127":{"start":{"line":350,"column":4},"end":{"line":352,"column":5}},"128":{"start":{"line":351,"column":6},"end":{"line":351,"column":59}},"129":{"start":{"line":354,"column":4},"end":{"line":356,"column":5}},"130":{"start":{"line":355,"column":6},"end":{"line":355,"column":67}},"131":{"start":{"line":358,"column":4},"end":{"line":360,"column":5}},"132":{"start":{"line":359,"column":6},"end":{"line":359,"column":67}},"133":{"start":{"line":364,"column":2},"end":{"line":366,"column":3}},"134":{"start":{"line":365,"column":4},"end":{"line":365,"column":62}},"135":{"start":{"line":368,"column":2},"end":{"line":375,"column":3}},"136":{"start":{"line":369,"column":22},"end":{"line":369,"column":69}},"137":{"start":{"line":370,"column":4},"end":{"line":374,"column":5}},"138":{"start":{"line":371,"column":6},"end":{"line":371,"column":55}},"139":{"start":{"line":372,"column":11},"end":{"line":374,"column":5}},"140":{"start":{"line":373,"column":6},"end":{"line":373,"column":56}},"141":{"start":{"line":377,"column":2},"end":{"line":379,"column":3}},"142":{"start":{"line":378,"column":4},"end":{"line":378,"column":69}},"143":{"start":{"line":381,"column":2},"end":{"line":381,"column":16}},"144":{"start":{"line":388,"column":2},"end":{"line":388,"column":49}},"145":{"start":{"line":392,"column":19},"end":{"line":392,"column":81}},"146":{"start":{"line":393,"column":2},"end":{"line":393,"column":49}},"147":{"start":{"line":397,"column":2},"end":{"line":397,"column":45}},"148":{"start":{"line":401,"column":2},"end":{"line":401,"column":41}},"149":{"start":{"line":405,"column":2},"end":{"line":405,"column":39}},"150":{"start":{"line":409,"column":2},"end":{"line":409,"column":52}},"151":{"start":{"line":413,"column":2},"end":{"line":413,"column":54}}},"fnMap":{"0":{"name":"(anonymous_0)","decl":{"start":{"line":14,"column":2},"end":{"line":14,"column":3}},"loc":{"start":{"line":14,"column":52},"end":{"line":27,"column":3}},"line":14},"1":{"name":"(anonymous_1)","decl":{"start":{"line":32,"column":2},"end":{"line":32,"column":3}},"loc":{"start":{"line":32,"column":52},"end":{"line":51,"column":3}},"line":32},"2":{"name":"(anonymous_2)","decl":{"start":{"line":56,"column":2},"end":{"line":56,"column":3}},"loc":{"start":{"line":56,"column":49},"end":{"line":100,"column":3}},"line":56},"3":{"name":"(anonymous_3)","decl":{"start":{"line":105,"column":2},"end":{"line":105,"column":3}},"loc":{"start":{"line":105,"column":61},"end":{"line":119,"column":3}},"line":105},"4":{"name":"(anonymous_4)","decl":{"start":{"line":124,"column":2},"end":{"line":124,"column":3}},"loc":{"start":{"line":124,"column":48},"end":{"line":153,"column":3}},"line":124},"5":{"name":"(anonymous_5)","decl":{"start":{"line":158,"column":2},"end":{"line":158,"column":3}},"loc":{"start":{"line":158,"column":44},"end":{"line":165,"column":3}},"line":158},"6":{"name":"(anonymous_6)","decl":{"start":{"line":175,"column":2},"end":{"line":175,"column":3}},"loc":{"start":{"line":175,"column":42},"end":{"line":213,"column":3}},"line":175},"7":{"name":"(anonymous_7)","decl":{"start":{"line":218,"column":2},"end":{"line":218,"column":3}},"loc":{"start":{"line":218,"column":44},"end":{"line":261,"column":3}},"line":218},"8":{"name":"(anonymous_8)","decl":{"start":{"line":271,"column":2},"end":{"line":271,"column":3}},"loc":{"start":{"line":271,"column":41},"end":{"line":278,"column":3}},"line":271},"9":{"name":"(anonymous_9)","decl":{"start":{"line":288,"column":2},"end":{"line":288,"column":3}},"loc":{"start":{"line":288,"column":50},"end":{"line":298,"column":3}},"line":288},"10":{"name":"(anonymous_10)","decl":{"start":{"line":308,"column":2},"end":{"line":308,"column":3}},"loc":{"start":{"line":308,"column":48},"end":{"line":310,"column":3}},"line":308},"11":{"name":"(anonymous_11)","decl":{"start":{"line":315,"column":2},"end":{"line":315,"column":3}},"loc":{"start":{"line":315,"column":52},"end":{"line":318,"column":3}},"line":315},"12":{"name":"(anonymous_12)","decl":{"start":{"line":323,"column":2},"end":{"line":323,"column":3}},"loc":{"start":{"line":323,"column":60},"end":{"line":325,"column":3}},"line":323},"13":{"name":"validatePaymentData","decl":{"start":{"line":331,"column":16},"end":{"line":331,"column":35}},"loc":{"start":{"line":331,"column":67},"end":{"line":382,"column":1}},"line":331},"14":{"name":"validateCardNumber","decl":{"start":{"line":387,"column":16},"end":{"line":387,"column":34}},"loc":{"start":{"line":387,"column":64},"end":{"line":389,"column":1}},"line":387},"15":{"name":"validateCVV","decl":{"start":{"line":391,"column":16},"end":{"line":391,"column":27}},"loc":{"start":{"line":391,"column":71},"end":{"line":394,"column":1}},"line":391},"16":{"name":"validateExpirationDate","decl":{"start":{"line":396,"column":16},"end":{"line":396,"column":38}},"loc":{"start":{"line":396,"column":64},"end":{"line":398,"column":1}},"line":396},"17":{"name":"validateCardholderName","decl":{"start":{"line":400,"column":16},"end":{"line":400,"column":38}},"loc":{"start":{"line":400,"column":62},"end":{"line":402,"column":1}},"line":400},"18":{"name":"validateEmail","decl":{"start":{"line":404,"column":16},"end":{"line":404,"column":29}},"loc":{"start":{"line":404,"column":54},"end":{"line":406,"column":1}},"line":404},"19":{"name":"validateCPF","decl":{"start":{"line":408,"column":16},"end":{"line":408,"column":27}},"loc":{"start":{"line":408,"column":50},"end":{"line":410,"column":1}},"line":408},"20":{"name":"validateCNPJ","decl":{"start":{"line":412,"column":16},"end":{"line":412,"column":28}},"loc":{"start":{"line":412,"column":52},"end":{"line":414,"column":1}},"line":412}},"branchMap":{"0":{"loc":{"start":{"line":15,"column":4},"end":{"line":17,"column":5}},"type":"if","locations":[{"start":{"line":15,"column":4},"end":{"line":17,"column":5}},{"start":{},"end":{}}],"line":15},"1":{"loc":{"start":{"line":15,"column":8},"end":{"line":15,"column":53}},"type":"binary-expr","locations":[{"start":{"line":15,"column":8},"end":{"line":15,"column":19}},{"start":{"line":15,"column":23},"end":{"line":15,"column":53}}],"line":15},"2":{"loc":{"start":{"line":22,"column":4},"end":{"line":24,"column":5}},"type":"if","locations":[{"start":{"line":22,"column":4},"end":{"line":24,"column":5}},{"start":{},"end":{}}],"line":22},"3":{"loc":{"start":{"line":22,"column":8},"end":{"line":22,"column":48}},"type":"binary-expr","locations":[{"start":{"line":22,"column":8},"end":{"line":22,"column":26}},{"start":{"line":22,"column":30},"end":{"line":22,"column":48}}],"line":22},"4":{"loc":{"start":{"line":39,"column":6},"end":{"line":44,"column":7}},"type":"if","locations":[{"start":{"line":39,"column":6},"end":{"line":44,"column":7}},{"start":{},"end":{}}],"line":39},"5":{"loc":{"start":{"line":41,"column":8},"end":{"line":43,"column":9}},"type":"if","locations":[{"start":{"line":41,"column":8},"end":{"line":43,"column":9}},{"start":{},"end":{}}],"line":41},"6":{"loc":{"start":{"line":60,"column":4},"end":{"line":62,"column":5}},"type":"if","locations":[{"start":{"line":60,"column":4},"end":{"line":62,"column":5}},{"start":{},"end":{}}],"line":60},"7":{"loc":{"start":{"line":65,"column":4},"end":{"line":67,"column":5}},"type":"if","locations":[{"start":{"line":65,"column":4},"end":{"line":67,"column":5}},{"start":{},"end":{}}],"line":65},"8":{"loc":{"start":{"line":65,"column":8},"end":{"line":65,"column":56}},"type":"binary-expr","locations":[{"start":{"line":65,"column":8},"end":{"line":65,"column":30}},{"start":{"line":65,"column":34},"end":{"line":65,"column":56}}],"line":65},"9":{"loc":{"start":{"line":70,"column":4},"end":{"line":72,"column":5}},"type":"if","locations":[{"start":{"line":70,"column":4},"end":{"line":72,"column":5}},{"start":{},"end":{}}],"line":70},"10":{"loc":{"start":{"line":75,"column":4},"end":{"line":77,"column":5}},"type":"if","locations":[{"start":{"line":75,"column":4},"end":{"line":77,"column":5}},{"start":{},"end":{}}],"line":75},"11":{"loc":{"start":{"line":80,"column":4},"end":{"line":82,"column":5}},"type":"if","locations":[{"start":{"line":80,"column":4},"end":{"line":82,"column":5}},{"start":{},"end":{}}],"line":80},"12":{"loc":{"start":{"line":85,"column":4},"end":{"line":87,"column":5}},"type":"if","locations":[{"start":{"line":85,"column":4},"end":{"line":87,"column":5}},{"start":{},"end":{}}],"line":85},"13":{"loc":{"start":{"line":90,"column":4},"end":{"line":92,"column":5}},"type":"if","locations":[{"start":{"line":90,"column":4},"end":{"line":92,"column":5}},{"start":{},"end":{}}],"line":90},"14":{"loc":{"start":{"line":95,"column":4},"end":{"line":97,"column":5}},"type":"if","locations":[{"start":{"line":95,"column":4},"end":{"line":97,"column":5}},{"start":{},"end":{}}],"line":95},"15":{"loc":{"start":{"line":106,"column":4},"end":{"line":108,"column":5}},"type":"if","locations":[{"start":{"line":106,"column":4},"end":{"line":108,"column":5}},{"start":{},"end":{}}],"line":106},"16":{"loc":{"start":{"line":106,"column":8},"end":{"line":106,"column":39}},"type":"binary-expr","locations":[{"start":{"line":106,"column":8},"end":{"line":106,"column":12}},{"start":{"line":106,"column":16},"end":{"line":106,"column":39}}],"line":106},"17":{"loc":{"start":{"line":113,"column":4},"end":{"line":115,"column":5}},"type":"if","locations":[{"start":{"line":113,"column":4},"end":{"line":115,"column":5}},{"start":{},"end":{}}],"line":113},"18":{"loc":{"start":{"line":125,"column":4},"end":{"line":127,"column":5}},"type":"if","locations":[{"start":{"line":125,"column":4},"end":{"line":127,"column":5}},{"start":{},"end":{}}],"line":125},"19":{"loc":{"start":{"line":125,"column":8},"end":{"line":125,"column":45}},"type":"binary-expr","locations":[{"start":{"line":125,"column":8},"end":{"line":125,"column":15}},{"start":{"line":125,"column":19},"end":{"line":125,"column":45}}],"line":125},"20":{"loc":{"start":{"line":131,"column":4},"end":{"line":133,"column":5}},"type":"if","locations":[{"start":{"line":131,"column":4},"end":{"line":133,"column":5}},{"start":{},"end":{}}],"line":131},"21":{"loc":{"start":{"line":131,"column":8},"end":{"line":131,"column":60}},"type":"binary-expr","locations":[{"start":{"line":131,"column":8},"end":{"line":131,"column":32}},{"start":{"line":131,"column":36},"end":{"line":131,"column":60}}],"line":131},"22":{"loc":{"start":{"line":136,"column":17},"end":{"line":138,"column":46}},"type":"cond-expr","locations":[{"start":{"line":137,"column":8},"end":{"line":137,"column":53}},{"start":{"line":138,"column":8},"end":{"line":138,"column":46}}],"line":136},"23":{"loc":{"start":{"line":140,"column":4},"end":{"line":142,"column":5}},"type":"if","locations":[{"start":{"line":140,"column":4},"end":{"line":142,"column":5}},{"start":{},"end":{}}],"line":140},"24":{"loc":{"start":{"line":140,"column":8},"end":{"line":140,"column":31}},"type":"binary-expr","locations":[{"start":{"line":140,"column":8},"end":{"line":140,"column":17}},{"start":{"line":140,"column":21},"end":{"line":140,"column":31}}],"line":140},"25":{"loc":{"start":{"line":148,"column":4},"end":{"line":150,"column":5}},"type":"if","locations":[{"start":{"line":148,"column":4},"end":{"line":150,"column":5}},{"start":{},"end":{}}],"line":148},"26":{"loc":{"start":{"line":148,"column":8},"end":{"line":148,"column":76}},"type":"binary-expr","locations":[{"start":{"line":148,"column":8},"end":{"line":148,"column":26}},{"start":{"line":148,"column":31},"end":{"line":148,"column":51}},{"start":{"line":148,"column":55},"end":{"line":148,"column":75}}],"line":148},"27":{"loc":{"start":{"line":159,"column":4},"end":{"line":161,"column":5}},"type":"if","locations":[{"start":{"line":159,"column":4},"end":{"line":161,"column":5}},{"start":{},"end":{}}],"line":159},"28":{"loc":{"start":{"line":159,"column":8},"end":{"line":159,"column":41}},"type":"binary-expr","locations":[{"start":{"line":159,"column":8},"end":{"line":159,"column":13}},{"start":{"line":159,"column":17},"end":{"line":159,"column":41}}],"line":159},"29":{"loc":{"start":{"line":164,"column":11},"end":{"line":164,"column":88}},"type":"binary-expr","locations":[{"start":{"line":164,"column":11},"end":{"line":164,"column":30}},{"start":{"line":164,"column":34},"end":{"line":164,"column":55}},{"start":{"line":164,"column":59},"end":{"line":164,"column":88}}],"line":164},"30":{"loc":{"start":{"line":176,"column":4},"end":{"line":178,"column":5}},"type":"if","locations":[{"start":{"line":176,"column":4},"end":{"line":178,"column":5}},{"start":{},"end":{}}],"line":176},"31":{"loc":{"start":{"line":176,"column":8},"end":{"line":176,"column":39}},"type":"binary-expr","locations":[{"start":{"line":176,"column":8},"end":{"line":176,"column":12}},{"start":{"line":176,"column":16},"end":{"line":176,"column":39}}],"line":176},"32":{"loc":{"start":{"line":182,"column":4},"end":{"line":184,"column":5}},"type":"if","locations":[{"start":{"line":182,"column":4},"end":{"line":184,"column":5}},{"start":{},"end":{}}],"line":182},"33":{"loc":{"start":{"line":187,"column":4},"end":{"line":189,"column":5}},"type":"if","locations":[{"start":{"line":187,"column":4},"end":{"line":189,"column":5}},{"start":{},"end":{}}],"line":187},"34":{"loc":{"start":{"line":198,"column":22},"end":{"line":198,"column":56}},"type":"cond-expr","locations":[{"start":{"line":198,"column":38},"end":{"line":198,"column":39}},{"start":{"line":198,"column":42},"end":{"line":198,"column":56}}],"line":198},"35":{"loc":{"start":{"line":200,"column":4},"end":{"line":202,"column":5}},"type":"if","locations":[{"start":{"line":200,"column":4},"end":{"line":202,"column":5}},{"start":{},"end":{}}],"line":200},"36":{"loc":{"start":{"line":210,"column":22},"end":{"line":210,"column":56}},"type":"cond-expr","locations":[{"start":{"line":210,"column":38},"end":{"line":210,"column":39}},{"start":{"line":210,"column":42},"end":{"line":210,"column":56}}],"line":210},"37":{"loc":{"start":{"line":219,"column":4},"end":{"line":221,"column":5}},"type":"if","locations":[{"start":{"line":219,"column":4},"end":{"line":221,"column":5}},{"start":{},"end":{}}],"line":219},"38":{"loc":{"start":{"line":219,"column":8},"end":{"line":219,"column":41}},"type":"binary-expr","locations":[{"start":{"line":219,"column":8},"end":{"line":219,"column":13}},{"start":{"line":219,"column":17},"end":{"line":219,"column":41}}],"line":219},"39":{"loc":{"start":{"line":225,"column":4},"end":{"line":227,"column":5}},"type":"if","locations":[{"start":{"line":225,"column":4},"end":{"line":227,"column":5}},{"start":{},"end":{}}],"line":225},"40":{"loc":{"start":{"line":230,"column":4},"end":{"line":232,"column":5}},"type":"if","locations":[{"start":{"line":230,"column":4},"end":{"line":232,"column":5}},{"start":{},"end":{}}],"line":230},"41":{"loc":{"start":{"line":243,"column":22},"end":{"line":243,"column":56}},"type":"cond-expr","locations":[{"start":{"line":243,"column":38},"end":{"line":243,"column":39}},{"start":{"line":243,"column":42},"end":{"line":243,"column":56}}],"line":243},"42":{"loc":{"start":{"line":245,"column":4},"end":{"line":247,"column":5}},"type":"if","locations":[{"start":{"line":245,"column":4},"end":{"line":247,"column":5}},{"start":{},"end":{}}],"line":245},"43":{"loc":{"start":{"line":258,"column":22},"end":{"line":258,"column":56}},"type":"cond-expr","locations":[{"start":{"line":258,"column":38},"end":{"line":258,"column":39}},{"start":{"line":258,"column":42},"end":{"line":258,"column":56}}],"line":258},"44":{"loc":{"start":{"line":272,"column":4},"end":{"line":274,"column":5}},"type":"if","locations":[{"start":{"line":272,"column":4},"end":{"line":274,"column":5}},{"start":{},"end":{}}],"line":272},"45":{"loc":{"start":{"line":272,"column":8},"end":{"line":272,"column":43}},"type":"binary-expr","locations":[{"start":{"line":272,"column":8},"end":{"line":272,"column":14}},{"start":{"line":272,"column":18},"end":{"line":272,"column":43}}],"line":272},"46":{"loc":{"start":{"line":289,"column":4},"end":{"line":291,"column":5}},"type":"if","locations":[{"start":{"line":289,"column":4},"end":{"line":291,"column":5}},{"start":{},"end":{}}],"line":289},"47":{"loc":{"start":{"line":289,"column":8},"end":{"line":289,"column":43}},"type":"binary-expr","locations":[{"start":{"line":289,"column":8},"end":{"line":289,"column":14}},{"start":{"line":289,"column":18},"end":{"line":289,"column":43}}],"line":289},"48":{"loc":{"start":{"line":297,"column":11},"end":{"line":297,"column":63}},"type":"binary-expr","locations":[{"start":{"line":297,"column":11},"end":{"line":297,"column":35}},{"start":{"line":297,"column":39},"end":{"line":297,"column":63}}],"line":297},"49":{"loc":{"start":{"line":309,"column":11},"end":{"line":309,"column":71}},"type":"binary-expr","locations":[{"start":{"line":309,"column":11},"end":{"line":309,"column":37}},{"start":{"line":309,"column":41},"end":{"line":309,"column":51}},{"start":{"line":309,"column":55},"end":{"line":309,"column":71}}],"line":309},"50":{"loc":{"start":{"line":324,"column":11},"end":{"line":324,"column":84}},"type":"binary-expr","locations":[{"start":{"line":324,"column":11},"end":{"line":324,"column":41}},{"start":{"line":324,"column":45},"end":{"line":324,"column":62}},{"start":{"line":324,"column":66},"end":{"line":324,"column":84}}],"line":324},"51":{"loc":{"start":{"line":335,"column":2},"end":{"line":337,"column":3}},"type":"if","locations":[{"start":{"line":335,"column":2},"end":{"line":337,"column":3}},{"start":{},"end":{}}],"line":335},"52":{"loc":{"start":{"line":340,"column":2},"end":{"line":342,"column":3}},"type":"if","locations":[{"start":{"line":340,"column":2},"end":{"line":342,"column":3}},{"start":{},"end":{}}],"line":340},"53":{"loc":{"start":{"line":345,"column":2},"end":{"line":361,"column":3}},"type":"if","locations":[{"start":{"line":345,"column":2},"end":{"line":361,"column":3}},{"start":{},"end":{}}],"line":345},"54":{"loc":{"start":{"line":346,"column":4},"end":{"line":348,"column":5}},"type":"if","locations":[{"start":{"line":346,"column":4},"end":{"line":348,"column":5}},{"start":{},"end":{}}],"line":346},"55":{"loc":{"start":{"line":350,"column":4},"end":{"line":352,"column":5}},"type":"if","locations":[{"start":{"line":350,"column":4},"end":{"line":352,"column":5}},{"start":{},"end":{}}],"line":350},"56":{"loc":{"start":{"line":350,"column":8},"end":{"line":350,"column":99}},"type":"binary-expr","locations":[{"start":{"line":350,"column":8},"end":{"line":350,"column":16}},{"start":{"line":350,"column":20},"end":{"line":350,"column":99}}],"line":350},"57":{"loc":{"start":{"line":354,"column":4},"end":{"line":356,"column":5}},"type":"if","locations":[{"start":{"line":354,"column":4},"end":{"line":356,"column":5}},{"start":{},"end":{}}],"line":354},"58":{"loc":{"start":{"line":354,"column":8},"end":{"line":354,"column":72}},"type":"binary-expr","locations":[{"start":{"line":354,"column":8},"end":{"line":354,"column":23}},{"start":{"line":354,"column":27},"end":{"line":354,"column":72}}],"line":354},"59":{"loc":{"start":{"line":358,"column":4},"end":{"line":360,"column":5}},"type":"if","locations":[{"start":{"line":358,"column":4},"end":{"line":360,"column":5}},{"start":{},"end":{}}],"line":358},"60":{"loc":{"start":{"line":358,"column":8},"end":{"line":358,"column":78}},"type":"binary-expr","locations":[{"start":{"line":358,"column":8},"end":{"line":358,"column":27}},{"start":{"line":358,"column":31},"end":{"line":358,"column":78}}],"line":358},"61":{"loc":{"start":{"line":364,"column":2},"end":{"line":366,"column":3}},"type":"if","locations":[{"start":{"line":364,"column":2},"end":{"line":366,"column":3}},{"start":{},"end":{}}],"line":364},"62":{"loc":{"start":{"line":364,"column":6},"end":{"line":364,"column":71}},"type":"binary-expr","locations":[{"start":{"line":364,"column":6},"end":{"line":364,"column":24}},{"start":{"line":364,"column":28},"end":{"line":364,"column":71}}],"line":364},"63":{"loc":{"start":{"line":368,"column":2},"end":{"line":375,"column":3}},"type":"if","locations":[{"start":{"line":368,"column":2},"end":{"line":375,"column":3}},{"start":{},"end":{}}],"line":368},"64":{"loc":{"start":{"line":370,"column":4},"end":{"line":374,"column":5}},"type":"if","locations":[{"start":{"line":370,"column":4},"end":{"line":374,"column":5}},{"start":{"line":372,"column":11},"end":{"line":374,"column":5}}],"line":370},"65":{"loc":{"start":{"line":370,"column":8},"end":{"line":370,"column":89}},"type":"binary-expr","locations":[{"start":{"line":370,"column":8},"end":{"line":370,"column":24}},{"start":{"line":370,"column":28},"end":{"line":370,"column":89}}],"line":370},"66":{"loc":{"start":{"line":372,"column":11},"end":{"line":374,"column":5}},"type":"if","locations":[{"start":{"line":372,"column":11},"end":{"line":374,"column":5}},{"start":{},"end":{}}],"line":372},"67":{"loc":{"start":{"line":372,"column":15},"end":{"line":372,"column":97}},"type":"binary-expr","locations":[{"start":{"line":372,"column":15},"end":{"line":372,"column":31}},{"start":{"line":372,"column":35},"end":{"line":372,"column":97}}],"line":372},"68":{"loc":{"start":{"line":377,"column":2},"end":{"line":379,"column":3}},"type":"if","locations":[{"start":{"line":377,"column":2},"end":{"line":379,"column":3}},{"start":{},"end":{}}],"line":377},"69":{"loc":{"start":{"line":377,"column":6},"end":{"line":377,"column":80}},"type":"binary-expr","locations":[{"start":{"line":377,"column":6},"end":{"line":377,"column":24}},{"start":{"line":377,"column":28},"end":{"line":377,"column":80}}],"line":377},"70":{"loc":{"start":{"line":392,"column":19},"end":{"line":392,"column":81}},"type":"cond-expr","locations":[{"start":{"line":392,"column":32},"end":{"line":392,"column":69}},{"start":{"line":392,"column":72},"end":{"line":392,"column":81}}],"line":392}},"s":{"0":4,"1":1,"2":3,"3":3,"4":0,"5":3,"6":3,"7":3,"8":3,"9":3,"10":48,"11":48,"12":24,"13":24,"14":4,"15":48,"16":48,"17":3,"18":3,"19":3,"20":1,"21":2,"22":1,"23":1,"24":1,"25":0,"26":0,"27":0,"28":0,"29":0,"30":0,"31":0,"32":0,"33":0,"34":0,"35":0,"36":4,"37":0,"38":4,"39":4,"40":1,"41":3,"42":3,"43":0,"44":3,"45":3,"46":0,"47":3,"48":3,"49":3,"50":1,"51":2,"52":2,"53":2,"54":2,"55":1,"56":1,"57":0,"58":0,"59":0,"60":0,"61":5,"62":0,"63":5,"64":5,"65":0,"66":5,"67":1,"68":4,"69":4,"70":4,"71":36,"72":4,"73":4,"74":4,"75":0,"76":4,"77":4,"78":4,"79":40,"80":4,"81":4,"82":4,"83":3,"84":0,"85":3,"86":3,"87":0,"88":3,"89":0,"90":3,"91":3,"92":3,"93":3,"94":36,"95":3,"96":3,"97":3,"98":0,"99":3,"100":3,"101":3,"102":3,"103":39,"104":3,"105":3,"106":3,"107":4,"108":1,"109":3,"110":3,"111":0,"112":0,"113":0,"114":0,"115":3,"116":3,"117":3,"118":3,"119":0,"120":0,"121":0,"122":0,"123":0,"124":0,"125":0,"126":0,"127":0,"128":0,"129":0,"130":0,"131":0,"132":0,"133":0,"134":0,"135":0,"136":0,"137":0,"138":0,"139":0,"140":0,"141":0,"142":0,"143":0,"144":1,"145":1,"146":1,"147":0,"148":0,"149":1,"150":1,"151":0},"f":{"0":4,"1":3,"2":3,"3":4,"4":3,"5":0,"6":5,"7":3,"8":4,"9":0,"10":3,"11":3,"12":3,"13":0,"14":1,"15":1,"16":0,"17":0,"18":1,"19":1,"20":0},"b":{"0":[1,3],"1":[4,3],"2":[0,3],"3":[3,3],"4":[24,24],"5":[4,20],"6":[1,2],"7":[1,1],"8":[2,1],"9":[1,0],"10":[0,0],"11":[0,0],"12":[0,0],"13":[0,0],"14":[0,0],"15":[0,4],"16":[4,4],"17":[1,3],"18":[0,3],"19":[3,3],"20":[0,3],"21":[3,0],"22":[3,0],"23":[1,2],"24":[3,3],"25":[1,1],"26":[2,1,0],"27":[0,0],"28":[0,0],"29":[0,0,0],"30":[0,5],"31":[5,5],"32":[0,5],"33":[1,4],"34":[1,3],"35":[0,4],"36":[0,4],"37":[0,3],"38":[3,3],"39":[0,3],"40":[0,3],"41":[0,3],"42":[0,3],"43":[1,2],"44":[1,3],"45":[4,3],"46":[0,0],"47":[0,0],"48":[0,0],"49":[3,3,1],"50":[3,3,2],"51":[0,0],"52":[0,0],"53":[0,0],"54":[0,0],"55":[0,0],"56":[0,0],"57":[0,0],"58":[0,0],"59":[0,0],"60":[0,0],"61":[0,0],"62":[0,0],"63":[0,0],"64":[0,0],"65":[0,0],"66":[0,0],"67":[0,0],"68":[0,0],"69":[0,0],"70":[0,1]},"_coverageSchema":"1a1c01bbd47fc00a2c39e90264f33305004495a9","hash":"3db10722a39a33f5268154bd461a5ff713e60066"}
}
