TN:
SF:src/constants/config.ts
FNF:0
FNH:0
DA:6,0
DA:15,0
DA:25,0
DA:35,0
DA:43,0
DA:50,0
DA:60,0
DA:70,0
DA:78,0
LF:9
LH:0
BRF:0
BRH:0
end_of_record
TN:
SF:src/constants/endpoints.ts
FN:26,getApiConfig
FNF:1
FNH:0
FNDA:0,getApiConfig
DA:7,0
DA:27,0
DA:31,0
DA:41,0
DA:49,0
LF:5
LH:0
BRF:0
BRH:0
end_of_record
TN:
SF:src/types/errors.ts
FN:9,(anonymous_0)
FN:23,(anonymous_1)
FN:30,(anonymous_2)
FN:37,(anonymous_3)
FN:44,(anonymous_4)
FN:51,(anonymous_5)
FN:58,(anonymous_6)
FN:65,(anonymous_7)
FN:111,createTunaError
FN:119,isTunaError
FN:126,handleError
FNF:11
FNH:0
FNDA:0,(anonymous_0)
FNDA:0,(anonymous_1)
FNDA:0,(anonymous_2)
FNDA:0,(anonymous_3)
FNDA:0,(anonymous_4)
FNDA:0,(anonymous_5)
FNDA:0,(anonymous_6)
FNDA:0,(anonymous_7)
FNDA:0,createTunaError
FNDA:0,isTunaError
FNDA:0,handleError
DA:10,0
DA:11,0
DA:12,0
DA:13,0
DA:16,0
DA:17,0
DA:24,0
DA:25,0
DA:31,0
DA:32,0
DA:38,0
DA:39,0
DA:45,0
DA:46,0
DA:52,0
DA:53,0
DA:59,0
DA:60,0
DA:66,0
DA:67,0
DA:72,1
DA:112,0
DA:113,0
DA:120,0
DA:127,0
DA:128,0
DA:131,0
DA:132,0
DA:135,0
DA:136,0
DA:139,0
LF:31
LH:1
BRDA:9,0,0,0
BRDA:16,1,0,0
BRDA:16,1,1,0
BRDA:112,2,0,0
BRDA:112,2,1,0
BRDA:126,3,0,0
BRDA:127,4,0,0
BRDA:127,4,1,0
BRDA:131,5,0,0
BRDA:131,5,1,0
BRDA:135,6,0,0
BRDA:135,6,1,0
BRF:12
BRH:0
end_of_record
TN:
SF:src/types/payment.ts
FNF:0
FNH:0
LF:0
LH:0
BRF:0
BRH:0
end_of_record
TN:
SF:src/types/session.ts
FNF:0
FNH:0
LF:0
LH:0
BRF:0
BRH:0
end_of_record
TN:
SF:src/types/tokenization.ts
FNF:0
FNH:0
LF:0
LH:0
BRF:0
BRH:0
end_of_record
TN:
SF:src/utils/constants.ts
FNF:0
FNH:0
DA:8,0
DA:34,0
DA:57,0
DA:70,0
DA:84,0
DA:92,0
DA:120,0
DA:136,0
DA:151,0
LF:9
LH:0
BRF:0
BRH:0
end_of_record
TN:
SF:src/utils/errors.ts
FN:22,handleHttpError
FN:57,handleApiResponse
FN:69,safeJsonParse
FN:80,createTimeoutPromise
FN:81,(anonymous_4)
FN:82,(anonymous_5)
FN:91,withTimeout
FN:101,retryWithBackoff
FN:120,(anonymous_8)
FN:130,logError
FN:143,getUserFriendlyErrorMessage
FNF:11
FNH:0
FNDA:0,handleHttpError
FNDA:0,handleApiResponse
FNDA:0,safeJsonParse
FNDA:0,createTimeoutPromise
FNDA:0,(anonymous_4)
FNDA:0,(anonymous_5)
FNDA:0,withTimeout
FNDA:0,retryWithBackoff
FNDA:0,(anonymous_8)
FNDA:0,logError
FNDA:0,getUserFriendlyErrorMessage
DA:23,0
DA:24,0
DA:26,0
DA:27,0
DA:29,0
DA:30,0
DA:31,0
DA:32,0
DA:33,0
DA:35,0
DA:36,0
DA:43,0
DA:44,0
DA:45,0
DA:46,0
DA:47,0
DA:48,0
DA:51,0
DA:58,0
DA:59,0
DA:60,0
DA:63,0
DA:70,0
DA:71,0
DA:73,0
DA:81,0
DA:82,0
DA:83,0
DA:92,0
DA:108,0
DA:109,0
DA:110,0
DA:112,0
DA:114,0
DA:115,0
DA:119,0
DA:120,0
DA:124,0
DA:131,0
DA:132,0
DA:134,0
DA:135,0
DA:145,0
DA:160,0
LF:44
LH:0
BRDA:29,0,0,0
BRDA:29,0,1,0
BRDA:32,1,0,0
BRDA:32,1,1,0
BRDA:35,2,0,0
BRDA:35,2,1,0
BRDA:43,3,0,0
BRDA:43,3,1,0
BRDA:45,4,0,0
BRDA:45,4,1,0
BRDA:45,5,0,0
BRDA:45,5,1,0
BRDA:47,6,0,0
BRDA:47,6,1,0
BRDA:58,7,0,0
BRDA:58,7,1,0
BRDA:58,8,0,0
BRDA:58,8,1,0
BRDA:59,9,0,0
BRDA:59,9,1,0
BRDA:103,10,0,0
BRDA:104,11,0,0
BRDA:114,12,0,0
BRDA:114,12,1,0
BRDA:131,13,0,0
BRDA:131,13,1,0
BRDA:132,14,0,0
BRDA:132,14,1,0
BRDA:134,15,0,0
BRDA:134,15,1,0
BRDA:134,16,0,0
BRDA:134,16,1,0
BRDA:160,17,0,0
BRDA:160,17,1,0
BRF:34
BRH:0
end_of_record
TN:
SF:src/utils/formatting.ts
FN:8,maskCreditCard
FN:27,formatCreditCardDisplay
FN:36,formatCPF
FN:48,formatCNPJ
FN:61,formatPhone
FN:73,formatCurrency
FN:83,cleanString
FN:90,capitalizeWords
FN:91,(anonymous_8)
FN:99,truncateText
FN:107,formatExpirationDate
FN:116,formatCardExpiration
FNF:12
FNH:0
FNDA:0,maskCreditCard
FNDA:0,formatCreditCardDisplay
FNDA:0,formatCPF
FNDA:0,formatCNPJ
FNDA:0,formatPhone
FNDA:0,formatCurrency
FNDA:0,cleanString
FNDA:0,capitalizeWords
FNDA:0,(anonymous_8)
FNDA:0,truncateText
FNDA:0,formatExpirationDate
FNDA:0,formatCardExpiration
DA:9,0
DA:10,0
DA:14,0
DA:16,0
DA:17,0
DA:20,0
DA:21,0
DA:28,0
DA:29,0
DA:30,0
DA:37,0
DA:39,0
DA:40,0
DA:41,0
DA:42,0
DA:49,0
DA:51,0
DA:52,0
DA:53,0
DA:54,0
DA:55,0
DA:62,0
DA:64,0
DA:65,0
DA:66,0
DA:67,0
DA:74,0
DA:84,0
DA:91,0
DA:92,0
DA:100,0
DA:101,0
DA:108,0
DA:109,0
DA:110,0
DA:117,0
DA:119,0
DA:120,0
DA:121,0
DA:122,0
DA:125,0
LF:41
LH:0
BRDA:9,0,0,0
BRDA:9,0,1,0
BRDA:9,1,0,0
BRDA:9,1,1,0
BRDA:16,2,0,0
BRDA:16,2,1,0
BRDA:29,3,0,0
BRDA:29,3,1,0
BRDA:39,4,0,0
BRDA:39,4,1,0
BRDA:40,5,0,0
BRDA:40,5,1,0
BRDA:41,6,0,0
BRDA:41,6,1,0
BRDA:51,7,0,0
BRDA:51,7,1,0
BRDA:52,8,0,0
BRDA:52,8,1,0
BRDA:53,9,0,0
BRDA:53,9,1,0
BRDA:54,10,0,0
BRDA:54,10,1,0
BRDA:64,11,0,0
BRDA:64,11,1,0
BRDA:65,12,0,0
BRDA:65,12,1,0
BRDA:66,13,0,0
BRDA:66,13,1,0
BRDA:73,14,0,0
BRDA:73,15,0,0
BRDA:100,16,0,0
BRDA:100,16,1,0
BRDA:119,17,0,0
BRDA:119,17,1,0
BRDA:122,18,0,0
BRDA:122,18,1,0
BRF:36
BRH:0
end_of_record
TN:
SF:src/utils/validation.ts
FN:14,(anonymous_0)
FN:32,(anonymous_1)
FN:56,(anonymous_2)
FN:105,(anonymous_3)
FN:124,(anonymous_4)
FN:158,(anonymous_5)
FN:175,(anonymous_6)
FN:218,(anonymous_7)
FN:271,(anonymous_8)
FN:288,(anonymous_9)
FN:308,(anonymous_10)
FN:315,(anonymous_11)
FN:323,(anonymous_12)
FN:331,validatePaymentData
FN:387,validateCardNumber
FN:391,validateCVV
FN:396,validateExpirationDate
FN:400,validateCardholderName
FN:404,validateEmail
FN:408,validateCPF
FN:412,validateCNPJ
FNF:21
FNH:15
FNDA:4,(anonymous_0)
FNDA:3,(anonymous_1)
FNDA:3,(anonymous_2)
FNDA:4,(anonymous_3)
FNDA:3,(anonymous_4)
FNDA:0,(anonymous_5)
FNDA:5,(anonymous_6)
FNDA:3,(anonymous_7)
FNDA:4,(anonymous_8)
FNDA:0,(anonymous_9)
FNDA:3,(anonymous_10)
FNDA:3,(anonymous_11)
FNDA:3,(anonymous_12)
FNDA:0,validatePaymentData
FNDA:1,validateCardNumber
FNDA:1,validateCVV
FNDA:0,validateExpirationDate
FNDA:0,validateCardholderName
FNDA:1,validateEmail
FNDA:1,validateCPF
FNDA:0,validateCNPJ
DA:15,4
DA:16,1
DA:20,3
DA:22,3
DA:23,0
DA:26,3
DA:33,3
DA:34,3
DA:36,3
DA:37,48
DA:39,48
DA:40,24
DA:41,24
DA:42,4
DA:46,48
DA:47,48
DA:50,3
DA:57,3
DA:60,3
DA:61,1
DA:65,2
DA:66,1
DA:70,1
DA:71,1
DA:75,0
DA:76,0
DA:80,0
DA:81,0
DA:85,0
DA:86,0
DA:90,0
DA:91,0
DA:95,0
DA:96,0
DA:99,0
DA:106,4
DA:107,0
DA:110,4
DA:113,4
DA:114,1
DA:118,3
DA:125,3
DA:126,0
DA:129,3
DA:131,3
DA:132,0
DA:135,3
DA:136,3
DA:140,3
DA:141,1
DA:144,2
DA:145,2
DA:146,2
DA:148,2
DA:149,1
DA:152,1
DA:159,0
DA:160,0
DA:163,0
DA:164,0
DA:176,5
DA:177,0
DA:180,5
DA:182,5
DA:183,0
DA:187,5
DA:188,1
DA:192,4
DA:193,4
DA:194,36
DA:197,4
DA:198,4
DA:200,4
DA:201,0
DA:204,4
DA:205,4
DA:206,40
DA:209,4
DA:210,4
DA:212,4
DA:219,3
DA:220,0
DA:223,3
DA:225,3
DA:226,0
DA:230,3
DA:231,0
DA:235,3
DA:236,3
DA:238,3
DA:239,36
DA:242,3
DA:243,3
DA:245,3
DA:246,0
DA:250,3
DA:251,3
DA:253,3
DA:254,39
DA:257,3
DA:258,3
DA:260,3
DA:272,4
DA:273,1
DA:276,3
DA:277,3
DA:289,0
DA:290,0
DA:293,0
DA:297,0
DA:309,3
DA:316,3
DA:317,3
DA:324,3
DA:332,0
DA:335,0
DA:336,0
DA:340,0
DA:341,0
DA:345,0
DA:346,0
DA:347,0
DA:350,0
DA:351,0
DA:354,0
DA:355,0
DA:358,0
DA:359,0
DA:364,0
DA:365,0
DA:368,0
DA:369,0
DA:370,0
DA:371,0
DA:372,0
DA:373,0
DA:377,0
DA:378,0
DA:381,0
DA:388,1
DA:392,1
DA:393,1
DA:397,0
DA:401,0
DA:405,1
DA:409,1
DA:413,0
LF:147
LH:89
BRDA:15,0,0,1
BRDA:15,0,1,3
BRDA:15,1,0,4
BRDA:15,1,1,3
BRDA:22,2,0,0
BRDA:22,2,1,3
BRDA:22,3,0,3
BRDA:22,3,1,3
BRDA:39,4,0,24
BRDA:39,4,1,24
BRDA:41,5,0,4
BRDA:41,5,1,20
BRDA:60,6,0,1
BRDA:60,6,1,2
BRDA:65,7,0,1
BRDA:65,7,1,1
BRDA:65,8,0,2
BRDA:65,8,1,1
BRDA:70,9,0,1
BRDA:70,9,1,0
BRDA:75,10,0,0
BRDA:75,10,1,0
BRDA:80,11,0,0
BRDA:80,11,1,0
BRDA:85,12,0,0
BRDA:85,12,1,0
BRDA:90,13,0,0
BRDA:90,13,1,0
BRDA:95,14,0,0
BRDA:95,14,1,0
BRDA:106,15,0,0
BRDA:106,15,1,4
BRDA:106,16,0,4
BRDA:106,16,1,4
BRDA:113,17,0,1
BRDA:113,17,1,3
BRDA:125,18,0,0
BRDA:125,18,1,3
BRDA:125,19,0,3
BRDA:125,19,1,3
BRDA:131,20,0,0
BRDA:131,20,1,3
BRDA:131,21,0,3
BRDA:131,21,1,0
BRDA:136,22,0,3
BRDA:136,22,1,0
BRDA:140,23,0,1
BRDA:140,23,1,2
BRDA:140,24,0,3
BRDA:140,24,1,3
BRDA:148,25,0,1
BRDA:148,25,1,1
BRDA:148,26,0,2
BRDA:148,26,1,1
BRDA:148,26,2,0
BRDA:159,27,0,0
BRDA:159,27,1,0
BRDA:159,28,0,0
BRDA:159,28,1,0
BRDA:164,29,0,0
BRDA:164,29,1,0
BRDA:164,29,2,0
BRDA:176,30,0,0
BRDA:176,30,1,5
BRDA:176,31,0,5
BRDA:176,31,1,5
BRDA:182,32,0,0
BRDA:182,32,1,5
BRDA:187,33,0,1
BRDA:187,33,1,4
BRDA:198,34,0,1
BRDA:198,34,1,3
BRDA:200,35,0,0
BRDA:200,35,1,4
BRDA:210,36,0,0
BRDA:210,36,1,4
BRDA:219,37,0,0
BRDA:219,37,1,3
BRDA:219,38,0,3
BRDA:219,38,1,3
BRDA:225,39,0,0
BRDA:225,39,1,3
BRDA:230,40,0,0
BRDA:230,40,1,3
BRDA:243,41,0,0
BRDA:243,41,1,3
BRDA:245,42,0,0
BRDA:245,42,1,3
BRDA:258,43,0,1
BRDA:258,43,1,2
BRDA:272,44,0,1
BRDA:272,44,1,3
BRDA:272,45,0,4
BRDA:272,45,1,3
BRDA:289,46,0,0
BRDA:289,46,1,0
BRDA:289,47,0,0
BRDA:289,47,1,0
BRDA:297,48,0,0
BRDA:297,48,1,0
BRDA:309,49,0,3
BRDA:309,49,1,3
BRDA:309,49,2,1
BRDA:324,50,0,3
BRDA:324,50,1,3
BRDA:324,50,2,2
BRDA:335,51,0,0
BRDA:335,51,1,0
BRDA:340,52,0,0
BRDA:340,52,1,0
BRDA:345,53,0,0
BRDA:345,53,1,0
BRDA:346,54,0,0
BRDA:346,54,1,0
BRDA:350,55,0,0
BRDA:350,55,1,0
BRDA:350,56,0,0
BRDA:350,56,1,0
BRDA:354,57,0,0
BRDA:354,57,1,0
BRDA:354,58,0,0
BRDA:354,58,1,0
BRDA:358,59,0,0
BRDA:358,59,1,0
BRDA:358,60,0,0
BRDA:358,60,1,0
BRDA:364,61,0,0
BRDA:364,61,1,0
BRDA:364,62,0,0
BRDA:364,62,1,0
BRDA:368,63,0,0
BRDA:368,63,1,0
BRDA:370,64,0,0
BRDA:370,64,1,0
BRDA:370,65,0,0
BRDA:370,65,1,0
BRDA:372,66,0,0
BRDA:372,66,1,0
BRDA:372,67,0,0
BRDA:372,67,1,0
BRDA:377,68,0,0
BRDA:377,68,1,0
BRDA:377,69,0,0
BRDA:377,69,1,0
BRDA:392,70,0,0
BRDA:392,70,1,1
BRF:146
BRH:67
end_of_record
